#
# A fatal error has been detected by the Java Runtime Environment:
#
#  EXCEPTION_ACCESS_VIOLATION (0xc0000005) at pc=0x0000000180003990, pid=22648, tid=18356
#
# JRE version: Java(TM) SE Runtime Environment (21.0.1+12) (build 21.0.1+12-LTS-29)
# Java VM: Java HotSpot(TM) 64-Bit Server VM (21.0.1+12-LTS-29, mixed mode, sharing, tiered, compressed oops, compressed class ptrs, g1 gc, windows-amd64)
# Problematic frame:
# C  [rxtxSerial.dll+0x3990]
#
# No core dump will be written. Minidumps are not enabled by default on client versions of Windows
#
# If you would like to submit a bug report, please visit:
#   https://bugreport.java.com/bugreport/crash.jsp
# The crash happened outside the Java Virtual Machine in native code.
# See problematic frame for where to report the bug.
#

---------------  S U M M A R Y ------------

Command Line: -Dfile.encoding=UTF-8 -Dstdout.encoding=UTF-8 -Dstderr.encoding=UTF-8 --module-path=C:\Users\LENOVO\eclipse-workspace-nuevo\BALANZA\bin;C:\Users\LENOVO\eclipse-workspace-nuevo\BALANZA\LIB\jssc-2.9.4.jar;C:\Users\LENOVO\eclipse-workspace-nuevo\BALANZA\LIB\RXTXcomm.jar -XX:+ShowCodeDetailsInExceptionMessages -Djdk.module.main=BALANZA BALANZA/com.principal.MainRX

Host: 11th Gen Intel(R) Core(TM) i7-1165G7 @ 2.80GHz, 8 cores, 7G,  Windows 11 , 64 bit Build 22621 (10.0.22621.2506)
Time: Wed Dec  6 19:24:14 2023 Hora estándar de Venezuela elapsed time: 0.126747 seconds (0d 0h 0m 0s)

---------------  T H R E A D  ---------------

Current thread (0x000001c23e9d2d70):  JavaThread "Thread-1"         [_thread_in_native, id=18356, stack(0x00000045a3f00000,0x00000045a4000000) (1024K)]

Stack: [0x00000045a3f00000,0x00000045a4000000],  sp=0x00000045a3fff220,  free space=1020k
Native frames: (J=compiled Java code, j=interpreted, Vv=VM code, C=native code)
C  [rxtxSerial.dll+0x3990]

Java frames: (J=compiled Java code, j=interpreted, Vv=VM code)
j  gnu.io.RXTXPort.readArray([BII)I+0 RXTXcomm
j  gnu.io.RXTXPort$SerialInputStream.read([BII)I+187 RXTXcomm
j  gnu.io.RXTXPort$SerialInputStream.read([B)I+38 RXTXcomm
j  com.principal.Win10RxTx$SerialReader.run()V+22 BALANZA
j  java.lang.Thread.runWith(Ljava/lang/Object;Ljava/lang/Runnable;)V+5 java.base@21.0.1
j  java.lang.Thread.run()V+19 java.base@21.0.1
v  ~StubRoutines::call_stub 0x000001c2315f10e7

siginfo: EXCEPTION_ACCESS_VIOLATION (0xc0000005), reading address 0xffffffffa3efec98


Registers:
RAX=0x00000000a3efec90, RBX=0x0000000000000000, RCX=0x000000018001d4d5, RDX=0xfffffffffffff665
RSP=0x00000045a3fff220, RBP=0x00000000ffffffff, RSI=0x0000000000000001, RDI=0x0000000000000000
R8 =0x0000000000000002, R9 =0xfffffffffffff63c, R10=0x00007ffe60e7fcc0, R11=0x8101010101010100
R12=0xffffffffa3efec90, R13=0x0000000000000001, R14=0x0000000000000001, R15=0x0000000000000000
RIP=0x0000000180003990, EFLAGS=0x0000000000010202


Register to memory mapping:

RAX=0x00000000a3efec90 is an unallocated location in the heap
RBX=0x0 is null
RCX=0x000000018001d4d5 rxtxSerial.dll
RDX=0xfffffffffffff665 is an unknown value
RSP=0x00000045a3fff220 is pointing into the stack for thread: 0x000001c23e9d2d70
RBP=0x00000000ffffffff is an unallocated location in the heap
RSI=0x0000000000000001 is an unknown value
RDI=0x0 is null
R8 =0x0000000000000002 is an unknown value
R9 =0xfffffffffffff63c is an unknown value
R10=0x00007ffe60e7fcc0 jvm.dll
R11=0x8101010101010100 is an unknown value
R12=0xffffffffa3efec90 is an unknown value
R13=0x0000000000000001 is an unknown value
R14=0x0000000000000001 is an unknown value
R15=0x0 is null

Top of Stack: (sp=0x00000045a3fff220)
0x00000045a3fff220:   0000000000000000 00000045a3fff400
0x00000045a3fff230:   0000000000000001 0000000000000000
0x00000045a3fff240:   000001c23e9d2d70 00000000ffffffff
0x00000045a3fff250:   0000000000000001 0000000000000000
0x00000045a3fff260:   000001c23e9d3128 0000000000000001
0x00000045a3fff270:   00000045a3fff400 000000018000535a
0x00000045a3fff280:   000001c23e7aaea0 00000000ffffffff
0x00000045a3fff290:   000001c200000001 000001c23e7aaea0
0x00000045a3fff2a0:   0000000000000001 000001c2ffffffff
0x00000045a3fff2b0:   00000045a3fff408 000001c28040faa8
0x00000045a3fff2c0:   00000045a3fff3d0 00007ffe60616675
0x00000045a3fff2d0:   0000000000000000 00000000000155b4
0x00000045a3fff2e0:   000001c23e9d2d70 00007ffe608b78df
0x00000045a3fff2f0:   000001c28040fab0 000029b550df27c3
0x00000045a3fff300:   00000045a3fff408 000001c28040faa8
0x00000045a3fff310:   0000000000000000 000001c2315f896e
0x00000045a3fff320:   00000045a3fffb30 00000045a3fff3d0
0x00000045a3fff330:   000001c28040fab0 000001c2315fcf0b
0x00000045a3fff340:   000001c28040fab0 00000045a3fff408
0x00000045a3fff350:   000001c2315f896e 000001c2315fcbf7
0x00000045a3fff360:   000001c200000001 00000045a3fffb30
0x00000045a3fff370:   000001c28040f960 00000045a3fffb30
0x00000045a3fff380:   000001c2315fcb9f 00000045a3fff388
0x00000045a3fff390:   000001c28040faa8 0000000000000007
0x00000045a3fff3a0:   000001c28041b5a8 0000000000000000
0x00000045a3fff3b0:   000000008b1f53c0 000001c28040fab0
0x00000045a3fff3c0:   0000000000000000 00000045a3fff3f0
0x00000045a3fff3d0:   00000045a3fff468 000001c2315f896e
0x00000045a3fff3e0:   0000000000000000 000001c2315fa395
0x00000045a3fff3f0:   0000000000000001 0000000000000000
0x00000045a3fff400:   000000008b0f3888 000000008b045300
0x00000045a3fff410:   0000000000000000 000000008b045620 

Instructions: (pc=0x0000000180003990)
0x0000000180003890:   48 8d 15 0d 9c 01 00 48 2b d3 66 0f 1f 44 00 00
0x00000001800038a0:   0f b6 0b 0f b6 04 13 2b c8 75 07 48 ff c3 85 c0
0x00000001800038b0:   75 ee 48 8b 07 85 c9 48 8b d6 48 8b cf 75 0b ff
0x00000001800038c0:   90 28 03 00 00 48 8b d8 eb 08 ff 90 20 03 00 00
0x00000001800038d0:   8b d8 48 8b 07 48 8b d5 48 8b cf ff 90 b8 00 00
0x00000001800038e0:   00 48 8d 0d ec 9b 01 00 41 b8 02 00 00 00 49 8b
0x00000001800038f0:   d4 e8 2a 6f 00 00 85 c0 75 19 85 db 75 15 e8 71
0x0000000180003900:   6b 00 00 48 8d 15 ce 9b 01 00 48 8d 48 60 e8 e9
0x0000000180003910:   69 00 00 8b c3 48 8b 5c 24 30 48 8b 6c 24 38 48
0x0000000180003920:   8b 74 24 40 48 8b 7c 24 48 48 83 c4 20 41 5c c3
0x0000000180003930:   cc cc cc cc cc cc cc cc cc cc cc cc cc cc cc cc
0x0000000180003940:   48 89 5c 24 08 4c 89 4c 24 20 44 89 44 24 18 55
0x0000000180003950:   56 57 41 54 41 55 41 56 41 57 48 83 ec 20 48 8b
0x0000000180003960:   12 33 db 4c 8d 0d 82 91 01 00 4c 8d 05 9f 91 01
0x0000000180003970:   00 44 8b fb 8b fb e8 95 fe ff ff 8b ac 24 88 00
0x0000000180003980:   00 00 44 8b b4 24 80 00 00 00 4c 63 e0 41 8b f6
0x0000000180003990:   45 8b 6c 24 08 41 89 5c 24 08 85 ed 78 09 ff 15
0x00000001800039a0:   5c 36 01 00 44 8b f8 45 85 f6 7e 4d 0f 1f 40 00
0x00000001800039b0:   8b c7 ff c7 83 f8 14 7d 40 85 ed 78 0d ff 15 3d
0x00000001800039c0:   36 01 00 41 2b c7 3b c5 7d 2f 8b 4c 24 70 48 63
0x00000001800039d0:   d3 44 8b c6 48 03 54 24 78 e8 22 3d 00 00 85 c0
0x00000001800039e0:   78 33 74 06 03 d8 2b f0 eb 0a b9 e8 03 00 00 e8
0x00000001800039f0:   1c 27 00 00 41 3b de 7c b7 8b c3 45 89 6c 24 08
0x0000000180003a00:   48 8b 5c 24 60 48 83 c4 20 41 5f 41 5e 41 5d 41
0x0000000180003a10:   5c 5f 5e 5d c3 e8 62 6d 00 00 83 38 04 74 05 e8
0x0000000180003a20:   58 6d 00 00 83 c8 ff eb d2 cc cc cc cc cc cc cc
0x0000000180003a30:   40 53 48 83 ec 50 83 79 0c 00 48 8b d9 75 08 33
0x0000000180003a40:   c0 48 83 c4 50 5b c3 8b 09 48 8d 54 24 20 e8 91
0x0000000180003a50:   5c 00 00 85 c0 74 0b b8 01 00 00 00 48 83 c4 50
0x0000000180003a60:   5b c3 8b 0b 4c 8d 43 38 ba 59 54 00 00 48 89 7c
0x0000000180003a70:   24 60 e8 49 4e 00 00 85 c0 74 10 b8 01 00 00 00
0x0000000180003a80:   48 8b 7c 24 60 48 83 c4 50 5b c3 83 7b 38 00 74 


Stack slot to memory mapping:

stack at sp + 0 slots: 0x0 is null
stack at sp + 1 slots: 0x00000045a3fff400 is pointing into the stack for thread: 0x000001c23e9d2d70
stack at sp + 2 slots: 0x0000000000000001 is an unknown value
stack at sp + 3 slots: 0x0 is null
stack at sp + 4 slots: 0x000001c23e9d2d70 is a thread
stack at sp + 5 slots: 0x00000000ffffffff is an unallocated location in the heap
stack at sp + 6 slots: 0x0000000000000001 is an unknown value
stack at sp + 7 slots: 0x0 is null


---------------  P R O C E S S  ---------------

Threads class SMR info:
_java_thread_list=0x000001c23e8c0390, length=14, elements={
0x000001c23e515d40, 0x000001c23e516d50, 0x000001c23e519d50, 0x000001c23e51cc10,
0x000001c23e525770, 0x000001c23e52aa30, 0x000001c23e54da00, 0x000001c23e54e710,
0x000001c23e750080, 0x000001c23e841060, 0x000001c23e550ff0, 0x000001c23e8c1490,
0x000001c23e9d2d70, 0x000001c21fb4d8b0
}

Java Threads: ( => current thread )
  0x000001c23e515d40 JavaThread "Reference Handler"          daemon [_thread_blocked, id=21464, stack(0x00000045a3300000,0x00000045a3400000) (1024K)]
  0x000001c23e516d50 JavaThread "Finalizer"                  daemon [_thread_blocked, id=17936, stack(0x00000045a3400000,0x00000045a3500000) (1024K)]
  0x000001c23e519d50 JavaThread "Signal Dispatcher"          daemon [_thread_blocked, id=17296, stack(0x00000045a3500000,0x00000045a3600000) (1024K)]
  0x000001c23e51cc10 JavaThread "Attach Listener"            daemon [_thread_blocked, id=14420, stack(0x00000045a3600000,0x00000045a3700000) (1024K)]
  0x000001c23e525770 JavaThread "Service Thread"             daemon [_thread_blocked, id=14188, stack(0x00000045a3700000,0x00000045a3800000) (1024K)]
  0x000001c23e52aa30 JavaThread "Monitor Deflation Thread"   daemon [_thread_blocked, id=7656, stack(0x00000045a3800000,0x00000045a3900000) (1024K)]
  0x000001c23e54da00 JavaThread "C2 CompilerThread0"         daemon [_thread_blocked, id=6968, stack(0x00000045a3900000,0x00000045a3a00000) (1024K)]
  0x000001c23e54e710 JavaThread "C1 CompilerThread0"         daemon [_thread_blocked, id=9592, stack(0x00000045a3a00000,0x00000045a3b00000) (1024K)]
  0x000001c23e750080 JavaThread "Common-Cleaner"             daemon [_thread_blocked, id=20380, stack(0x00000045a3b00000,0x00000045a3c00000) (1024K)]
  0x000001c23e841060 JavaThread "Notification Thread"        daemon [_thread_blocked, id=14100, stack(0x00000045a3c00000,0x00000045a3d00000) (1024K)]
  0x000001c23e550ff0 JavaThread "C2 CompilerThread1"         daemon [_thread_blocked, id=23300, stack(0x00000045a3d00000,0x00000045a3e00000) (1024K)]
  0x000001c23e8c1490 JavaThread "Thread-0"                          [_thread_in_native, id=18648, stack(0x00000045a3e00000,0x00000045a3f00000) (1024K)]
=>0x000001c23e9d2d70 JavaThread "Thread-1"                          [_thread_in_native, id=18356, stack(0x00000045a3f00000,0x00000045a4000000) (1024K)]
  0x000001c21fb4d8b0 JavaThread "DestroyJavaVM"                     [_thread_blocked, id=21556, stack(0x00000045a2b00000,0x00000045a2c00000) (1024K)]
Total: 14

Other Threads:
  0x000001c23e4f4ff0 VMThread "VM Thread"                           [id=22992, stack(0x00000045a3200000,0x00000045a3300000) (1024K)]
  0x000001c23e4dc2b0 WatcherThread "VM Periodic Task Thread"        [id=11948, stack(0x00000045a3100000,0x00000045a3200000) (1024K)]
  0x000001c221cb6050 WorkerThread "GC Thread#0"                     [id=23048, stack(0x00000045a2c00000,0x00000045a2d00000) (1024K)]
  0x000001c221cc7180 ConcurrentGCThread "G1 Main Marker"            [id=6980, stack(0x00000045a2d00000,0x00000045a2e00000) (1024K)]
  0x000001c221cc7c80 WorkerThread "G1 Conc#0"                       [id=17456, stack(0x00000045a2e00000,0x00000045a2f00000) (1024K)]
  0x000001c23e3b34e0 ConcurrentGCThread "G1 Refine#0"               [id=13608, stack(0x00000045a2f00000,0x00000045a3000000) (1024K)]
  0x000001c221d2c4f0 ConcurrentGCThread "G1 Service"                [id=9620, stack(0x00000045a3000000,0x00000045a3100000) (1024K)]
Total: 7

Threads with active compile tasks:
Total: 0

VM state: not at safepoint (normal execution)

VM Mutex/Monitor currently owned by a thread: None

Heap address: 0x0000000083600000, size: 1994 MB, Compressed Oops mode: 32-bit

CDS archive(s) mapped at: [0x000001c23f000000-0x000001c23fc90000-0x000001c23fc90000), size 13172736, SharedBaseAddress: 0x000001c23f000000, ArchiveRelocationMode: 1.
Compressed class space mapped at: 0x000001c240000000-0x000001c280000000, reserved size: 1073741824
Narrow klass base: 0x000001c23f000000, Narrow klass shift: 0, Narrow klass range: 0x100000000

GC Precious Log:
 CardTable entry size: 512
 Card Set container configuration: InlinePtr #cards 5 size 8 Array Of Cards #cards 12 size 40 Howl #buckets 4 coarsen threshold 1843 Howl Bitmap #cards 512 size 80 coarsen threshold 460 Card regions per heap region 1 cards per card region 2048
 CPUs: 8 total, 8 available
 Memory: 7975M
 Large Page Support: Disabled
 NUMA Support: Disabled
 Compressed Oops: Enabled (32-bit)
 Heap Region Size: 1M
 Heap Min Capacity: 8M
 Heap Initial Capacity: 126M
 Heap Max Capacity: 1994M
 Pre-touch: Disabled
 Parallel Workers: 8
 Concurrent Workers: 2
 Concurrent Refinement Workers: 8
 Periodic GC: Disabled

Heap:
 garbage-first heap   total 129024K, used 4096K [0x0000000083600000, 0x0000000100000000)
  region size 1024K, 5 young (5120K), 0 survivors (0K)
 Metaspace       used 967K, committed 1152K, reserved 1114112K
  class space    used 95K, committed 192K, reserved 1048576K

Heap Regions: E=young(eden), S=young(survivor), O=old, HS=humongous(starts), HC=humongous(continues), CS=collection set, F=free, TAMS=top-at-mark-start, PB=parsable bottom
|   0|0x0000000083600000, 0x0000000083600000, 0x0000000083700000|  0%| F|  |TAMS 0x0000000083600000| PB 0x0000000083600000| Untracked 
|   1|0x0000000083700000, 0x0000000083700000, 0x0000000083800000|  0%| F|  |TAMS 0x0000000083700000| PB 0x0000000083700000| Untracked 
|   2|0x0000000083800000, 0x0000000083800000, 0x0000000083900000|  0%| F|  |TAMS 0x0000000083800000| PB 0x0000000083800000| Untracked 
|   3|0x0000000083900000, 0x0000000083900000, 0x0000000083a00000|  0%| F|  |TAMS 0x0000000083900000| PB 0x0000000083900000| Untracked 
|   4|0x0000000083a00000, 0x0000000083a00000, 0x0000000083b00000|  0%| F|  |TAMS 0x0000000083a00000| PB 0x0000000083a00000| Untracked 
|   5|0x0000000083b00000, 0x0000000083b00000, 0x0000000083c00000|  0%| F|  |TAMS 0x0000000083b00000| PB 0x0000000083b00000| Untracked 
|   6|0x0000000083c00000, 0x0000000083c00000, 0x0000000083d00000|  0%| F|  |TAMS 0x0000000083c00000| PB 0x0000000083c00000| Untracked 
|   7|0x0000000083d00000, 0x0000000083d00000, 0x0000000083e00000|  0%| F|  |TAMS 0x0000000083d00000| PB 0x0000000083d00000| Untracked 
|   8|0x0000000083e00000, 0x0000000083e00000, 0x0000000083f00000|  0%| F|  |TAMS 0x0000000083e00000| PB 0x0000000083e00000| Untracked 
|   9|0x0000000083f00000, 0x0000000083f00000, 0x0000000084000000|  0%| F|  |TAMS 0x0000000083f00000| PB 0x0000000083f00000| Untracked 
|  10|0x0000000084000000, 0x0000000084000000, 0x0000000084100000|  0%| F|  |TAMS 0x0000000084000000| PB 0x0000000084000000| Untracked 
|  11|0x0000000084100000, 0x0000000084100000, 0x0000000084200000|  0%| F|  |TAMS 0x0000000084100000| PB 0x0000000084100000| Untracked 
|  12|0x0000000084200000, 0x0000000084200000, 0x0000000084300000|  0%| F|  |TAMS 0x0000000084200000| PB 0x0000000084200000| Untracked 
|  13|0x0000000084300000, 0x0000000084300000, 0x0000000084400000|  0%| F|  |TAMS 0x0000000084300000| PB 0x0000000084300000| Untracked 
|  14|0x0000000084400000, 0x0000000084400000, 0x0000000084500000|  0%| F|  |TAMS 0x0000000084400000| PB 0x0000000084400000| Untracked 
|  15|0x0000000084500000, 0x0000000084500000, 0x0000000084600000|  0%| F|  |TAMS 0x0000000084500000| PB 0x0000000084500000| Untracked 
|  16|0x0000000084600000, 0x0000000084600000, 0x0000000084700000|  0%| F|  |TAMS 0x0000000084600000| PB 0x0000000084600000| Untracked 
|  17|0x0000000084700000, 0x0000000084700000, 0x0000000084800000|  0%| F|  |TAMS 0x0000000084700000| PB 0x0000000084700000| Untracked 
|  18|0x0000000084800000, 0x0000000084800000, 0x0000000084900000|  0%| F|  |TAMS 0x0000000084800000| PB 0x0000000084800000| Untracked 
|  19|0x0000000084900000, 0x0000000084900000, 0x0000000084a00000|  0%| F|  |TAMS 0x0000000084900000| PB 0x0000000084900000| Untracked 
|  20|0x0000000084a00000, 0x0000000084a00000, 0x0000000084b00000|  0%| F|  |TAMS 0x0000000084a00000| PB 0x0000000084a00000| Untracked 
|  21|0x0000000084b00000, 0x0000000084b00000, 0x0000000084c00000|  0%| F|  |TAMS 0x0000000084b00000| PB 0x0000000084b00000| Untracked 
|  22|0x0000000084c00000, 0x0000000084c00000, 0x0000000084d00000|  0%| F|  |TAMS 0x0000000084c00000| PB 0x0000000084c00000| Untracked 
|  23|0x0000000084d00000, 0x0000000084d00000, 0x0000000084e00000|  0%| F|  |TAMS 0x0000000084d00000| PB 0x0000000084d00000| Untracked 
|  24|0x0000000084e00000, 0x0000000084e00000, 0x0000000084f00000|  0%| F|  |TAMS 0x0000000084e00000| PB 0x0000000084e00000| Untracked 
|  25|0x0000000084f00000, 0x0000000084f00000, 0x0000000085000000|  0%| F|  |TAMS 0x0000000084f00000| PB 0x0000000084f00000| Untracked 
|  26|0x0000000085000000, 0x0000000085000000, 0x0000000085100000|  0%| F|  |TAMS 0x0000000085000000| PB 0x0000000085000000| Untracked 
|  27|0x0000000085100000, 0x0000000085100000, 0x0000000085200000|  0%| F|  |TAMS 0x0000000085100000| PB 0x0000000085100000| Untracked 
|  28|0x0000000085200000, 0x0000000085200000, 0x0000000085300000|  0%| F|  |TAMS 0x0000000085200000| PB 0x0000000085200000| Untracked 
|  29|0x0000000085300000, 0x0000000085300000, 0x0000000085400000|  0%| F|  |TAMS 0x0000000085300000| PB 0x0000000085300000| Untracked 
|  30|0x0000000085400000, 0x0000000085400000, 0x0000000085500000|  0%| F|  |TAMS 0x0000000085400000| PB 0x0000000085400000| Untracked 
|  31|0x0000000085500000, 0x0000000085500000, 0x0000000085600000|  0%| F|  |TAMS 0x0000000085500000| PB 0x0000000085500000| Untracked 
|  32|0x0000000085600000, 0x0000000085600000, 0x0000000085700000|  0%| F|  |TAMS 0x0000000085600000| PB 0x0000000085600000| Untracked 
|  33|0x0000000085700000, 0x0000000085700000, 0x0000000085800000|  0%| F|  |TAMS 0x0000000085700000| PB 0x0000000085700000| Untracked 
|  34|0x0000000085800000, 0x0000000085800000, 0x0000000085900000|  0%| F|  |TAMS 0x0000000085800000| PB 0x0000000085800000| Untracked 
|  35|0x0000000085900000, 0x0000000085900000, 0x0000000085a00000|  0%| F|  |TAMS 0x0000000085900000| PB 0x0000000085900000| Untracked 
|  36|0x0000000085a00000, 0x0000000085a00000, 0x0000000085b00000|  0%| F|  |TAMS 0x0000000085a00000| PB 0x0000000085a00000| Untracked 
|  37|0x0000000085b00000, 0x0000000085b00000, 0x0000000085c00000|  0%| F|  |TAMS 0x0000000085b00000| PB 0x0000000085b00000| Untracked 
|  38|0x0000000085c00000, 0x0000000085c00000, 0x0000000085d00000|  0%| F|  |TAMS 0x0000000085c00000| PB 0x0000000085c00000| Untracked 
|  39|0x0000000085d00000, 0x0000000085d00000, 0x0000000085e00000|  0%| F|  |TAMS 0x0000000085d00000| PB 0x0000000085d00000| Untracked 
|  40|0x0000000085e00000, 0x0000000085e00000, 0x0000000085f00000|  0%| F|  |TAMS 0x0000000085e00000| PB 0x0000000085e00000| Untracked 
|  41|0x0000000085f00000, 0x0000000085f00000, 0x0000000086000000|  0%| F|  |TAMS 0x0000000085f00000| PB 0x0000000085f00000| Untracked 
|  42|0x0000000086000000, 0x0000000086000000, 0x0000000086100000|  0%| F|  |TAMS 0x0000000086000000| PB 0x0000000086000000| Untracked 
|  43|0x0000000086100000, 0x0000000086100000, 0x0000000086200000|  0%| F|  |TAMS 0x0000000086100000| PB 0x0000000086100000| Untracked 
|  44|0x0000000086200000, 0x0000000086200000, 0x0000000086300000|  0%| F|  |TAMS 0x0000000086200000| PB 0x0000000086200000| Untracked 
|  45|0x0000000086300000, 0x0000000086300000, 0x0000000086400000|  0%| F|  |TAMS 0x0000000086300000| PB 0x0000000086300000| Untracked 
|  46|0x0000000086400000, 0x0000000086400000, 0x0000000086500000|  0%| F|  |TAMS 0x0000000086400000| PB 0x0000000086400000| Untracked 
|  47|0x0000000086500000, 0x0000000086500000, 0x0000000086600000|  0%| F|  |TAMS 0x0000000086500000| PB 0x0000000086500000| Untracked 
|  48|0x0000000086600000, 0x0000000086600000, 0x0000000086700000|  0%| F|  |TAMS 0x0000000086600000| PB 0x0000000086600000| Untracked 
|  49|0x0000000086700000, 0x0000000086700000, 0x0000000086800000|  0%| F|  |TAMS 0x0000000086700000| PB 0x0000000086700000| Untracked 
|  50|0x0000000086800000, 0x0000000086800000, 0x0000000086900000|  0%| F|  |TAMS 0x0000000086800000| PB 0x0000000086800000| Untracked 
|  51|0x0000000086900000, 0x0000000086900000, 0x0000000086a00000|  0%| F|  |TAMS 0x0000000086900000| PB 0x0000000086900000| Untracked 
|  52|0x0000000086a00000, 0x0000000086a00000, 0x0000000086b00000|  0%| F|  |TAMS 0x0000000086a00000| PB 0x0000000086a00000| Untracked 
|  53|0x0000000086b00000, 0x0000000086b00000, 0x0000000086c00000|  0%| F|  |TAMS 0x0000000086b00000| PB 0x0000000086b00000| Untracked 
|  54|0x0000000086c00000, 0x0000000086c00000, 0x0000000086d00000|  0%| F|  |TAMS 0x0000000086c00000| PB 0x0000000086c00000| Untracked 
|  55|0x0000000086d00000, 0x0000000086d00000, 0x0000000086e00000|  0%| F|  |TAMS 0x0000000086d00000| PB 0x0000000086d00000| Untracked 
|  56|0x0000000086e00000, 0x0000000086e00000, 0x0000000086f00000|  0%| F|  |TAMS 0x0000000086e00000| PB 0x0000000086e00000| Untracked 
|  57|0x0000000086f00000, 0x0000000086f00000, 0x0000000087000000|  0%| F|  |TAMS 0x0000000086f00000| PB 0x0000000086f00000| Untracked 
|  58|0x0000000087000000, 0x0000000087000000, 0x0000000087100000|  0%| F|  |TAMS 0x0000000087000000| PB 0x0000000087000000| Untracked 
|  59|0x0000000087100000, 0x0000000087100000, 0x0000000087200000|  0%| F|  |TAMS 0x0000000087100000| PB 0x0000000087100000| Untracked 
|  60|0x0000000087200000, 0x0000000087200000, 0x0000000087300000|  0%| F|  |TAMS 0x0000000087200000| PB 0x0000000087200000| Untracked 
|  61|0x0000000087300000, 0x0000000087300000, 0x0000000087400000|  0%| F|  |TAMS 0x0000000087300000| PB 0x0000000087300000| Untracked 
|  62|0x0000000087400000, 0x0000000087400000, 0x0000000087500000|  0%| F|  |TAMS 0x0000000087400000| PB 0x0000000087400000| Untracked 
|  63|0x0000000087500000, 0x0000000087500000, 0x0000000087600000|  0%| F|  |TAMS 0x0000000087500000| PB 0x0000000087500000| Untracked 
|  64|0x0000000087600000, 0x0000000087600000, 0x0000000087700000|  0%| F|  |TAMS 0x0000000087600000| PB 0x0000000087600000| Untracked 
|  65|0x0000000087700000, 0x0000000087700000, 0x0000000087800000|  0%| F|  |TAMS 0x0000000087700000| PB 0x0000000087700000| Untracked 
|  66|0x0000000087800000, 0x0000000087800000, 0x0000000087900000|  0%| F|  |TAMS 0x0000000087800000| PB 0x0000000087800000| Untracked 
|  67|0x0000000087900000, 0x0000000087900000, 0x0000000087a00000|  0%| F|  |TAMS 0x0000000087900000| PB 0x0000000087900000| Untracked 
|  68|0x0000000087a00000, 0x0000000087a00000, 0x0000000087b00000|  0%| F|  |TAMS 0x0000000087a00000| PB 0x0000000087a00000| Untracked 
|  69|0x0000000087b00000, 0x0000000087b00000, 0x0000000087c00000|  0%| F|  |TAMS 0x0000000087b00000| PB 0x0000000087b00000| Untracked 
|  70|0x0000000087c00000, 0x0000000087c00000, 0x0000000087d00000|  0%| F|  |TAMS 0x0000000087c00000| PB 0x0000000087c00000| Untracked 
|  71|0x0000000087d00000, 0x0000000087d00000, 0x0000000087e00000|  0%| F|  |TAMS 0x0000000087d00000| PB 0x0000000087d00000| Untracked 
|  72|0x0000000087e00000, 0x0000000087e00000, 0x0000000087f00000|  0%| F|  |TAMS 0x0000000087e00000| PB 0x0000000087e00000| Untracked 
|  73|0x0000000087f00000, 0x0000000087f00000, 0x0000000088000000|  0%| F|  |TAMS 0x0000000087f00000| PB 0x0000000087f00000| Untracked 
|  74|0x0000000088000000, 0x0000000088000000, 0x0000000088100000|  0%| F|  |TAMS 0x0000000088000000| PB 0x0000000088000000| Untracked 
|  75|0x0000000088100000, 0x0000000088100000, 0x0000000088200000|  0%| F|  |TAMS 0x0000000088100000| PB 0x0000000088100000| Untracked 
|  76|0x0000000088200000, 0x0000000088200000, 0x0000000088300000|  0%| F|  |TAMS 0x0000000088200000| PB 0x0000000088200000| Untracked 
|  77|0x0000000088300000, 0x0000000088300000, 0x0000000088400000|  0%| F|  |TAMS 0x0000000088300000| PB 0x0000000088300000| Untracked 
|  78|0x0000000088400000, 0x0000000088400000, 0x0000000088500000|  0%| F|  |TAMS 0x0000000088400000| PB 0x0000000088400000| Untracked 
|  79|0x0000000088500000, 0x0000000088500000, 0x0000000088600000|  0%| F|  |TAMS 0x0000000088500000| PB 0x0000000088500000| Untracked 
|  80|0x0000000088600000, 0x0000000088600000, 0x0000000088700000|  0%| F|  |TAMS 0x0000000088600000| PB 0x0000000088600000| Untracked 
|  81|0x0000000088700000, 0x0000000088700000, 0x0000000088800000|  0%| F|  |TAMS 0x0000000088700000| PB 0x0000000088700000| Untracked 
|  82|0x0000000088800000, 0x0000000088800000, 0x0000000088900000|  0%| F|  |TAMS 0x0000000088800000| PB 0x0000000088800000| Untracked 
|  83|0x0000000088900000, 0x0000000088900000, 0x0000000088a00000|  0%| F|  |TAMS 0x0000000088900000| PB 0x0000000088900000| Untracked 
|  84|0x0000000088a00000, 0x0000000088a00000, 0x0000000088b00000|  0%| F|  |TAMS 0x0000000088a00000| PB 0x0000000088a00000| Untracked 
|  85|0x0000000088b00000, 0x0000000088b00000, 0x0000000088c00000|  0%| F|  |TAMS 0x0000000088b00000| PB 0x0000000088b00000| Untracked 
|  86|0x0000000088c00000, 0x0000000088c00000, 0x0000000088d00000|  0%| F|  |TAMS 0x0000000088c00000| PB 0x0000000088c00000| Untracked 
|  87|0x0000000088d00000, 0x0000000088d00000, 0x0000000088e00000|  0%| F|  |TAMS 0x0000000088d00000| PB 0x0000000088d00000| Untracked 
|  88|0x0000000088e00000, 0x0000000088e00000, 0x0000000088f00000|  0%| F|  |TAMS 0x0000000088e00000| PB 0x0000000088e00000| Untracked 
|  89|0x0000000088f00000, 0x0000000088f00000, 0x0000000089000000|  0%| F|  |TAMS 0x0000000088f00000| PB 0x0000000088f00000| Untracked 
|  90|0x0000000089000000, 0x0000000089000000, 0x0000000089100000|  0%| F|  |TAMS 0x0000000089000000| PB 0x0000000089000000| Untracked 
|  91|0x0000000089100000, 0x0000000089100000, 0x0000000089200000|  0%| F|  |TAMS 0x0000000089100000| PB 0x0000000089100000| Untracked 
|  92|0x0000000089200000, 0x0000000089200000, 0x0000000089300000|  0%| F|  |TAMS 0x0000000089200000| PB 0x0000000089200000| Untracked 
|  93|0x0000000089300000, 0x0000000089300000, 0x0000000089400000|  0%| F|  |TAMS 0x0000000089300000| PB 0x0000000089300000| Untracked 
|  94|0x0000000089400000, 0x0000000089400000, 0x0000000089500000|  0%| F|  |TAMS 0x0000000089400000| PB 0x0000000089400000| Untracked 
|  95|0x0000000089500000, 0x0000000089500000, 0x0000000089600000|  0%| F|  |TAMS 0x0000000089500000| PB 0x0000000089500000| Untracked 
|  96|0x0000000089600000, 0x0000000089600000, 0x0000000089700000|  0%| F|  |TAMS 0x0000000089600000| PB 0x0000000089600000| Untracked 
|  97|0x0000000089700000, 0x0000000089700000, 0x0000000089800000|  0%| F|  |TAMS 0x0000000089700000| PB 0x0000000089700000| Untracked 
|  98|0x0000000089800000, 0x0000000089800000, 0x0000000089900000|  0%| F|  |TAMS 0x0000000089800000| PB 0x0000000089800000| Untracked 
|  99|0x0000000089900000, 0x0000000089900000, 0x0000000089a00000|  0%| F|  |TAMS 0x0000000089900000| PB 0x0000000089900000| Untracked 
| 100|0x0000000089a00000, 0x0000000089a00000, 0x0000000089b00000|  0%| F|  |TAMS 0x0000000089a00000| PB 0x0000000089a00000| Untracked 
| 101|0x0000000089b00000, 0x0000000089b00000, 0x0000000089c00000|  0%| F|  |TAMS 0x0000000089b00000| PB 0x0000000089b00000| Untracked 
| 102|0x0000000089c00000, 0x0000000089c00000, 0x0000000089d00000|  0%| F|  |TAMS 0x0000000089c00000| PB 0x0000000089c00000| Untracked 
| 103|0x0000000089d00000, 0x0000000089d00000, 0x0000000089e00000|  0%| F|  |TAMS 0x0000000089d00000| PB 0x0000000089d00000| Untracked 
| 104|0x0000000089e00000, 0x0000000089e00000, 0x0000000089f00000|  0%| F|  |TAMS 0x0000000089e00000| PB 0x0000000089e00000| Untracked 
| 105|0x0000000089f00000, 0x0000000089f00000, 0x000000008a000000|  0%| F|  |TAMS 0x0000000089f00000| PB 0x0000000089f00000| Untracked 
| 106|0x000000008a000000, 0x000000008a000000, 0x000000008a100000|  0%| F|  |TAMS 0x000000008a000000| PB 0x000000008a000000| Untracked 
| 107|0x000000008a100000, 0x000000008a100000, 0x000000008a200000|  0%| F|  |TAMS 0x000000008a100000| PB 0x000000008a100000| Untracked 
| 108|0x000000008a200000, 0x000000008a200000, 0x000000008a300000|  0%| F|  |TAMS 0x000000008a200000| PB 0x000000008a200000| Untracked 
| 109|0x000000008a300000, 0x000000008a300000, 0x000000008a400000|  0%| F|  |TAMS 0x000000008a300000| PB 0x000000008a300000| Untracked 
| 110|0x000000008a400000, 0x000000008a400000, 0x000000008a500000|  0%| F|  |TAMS 0x000000008a400000| PB 0x000000008a400000| Untracked 
| 111|0x000000008a500000, 0x000000008a500000, 0x000000008a600000|  0%| F|  |TAMS 0x000000008a500000| PB 0x000000008a500000| Untracked 
| 112|0x000000008a600000, 0x000000008a600000, 0x000000008a700000|  0%| F|  |TAMS 0x000000008a600000| PB 0x000000008a600000| Untracked 
| 113|0x000000008a700000, 0x000000008a700000, 0x000000008a800000|  0%| F|  |TAMS 0x000000008a700000| PB 0x000000008a700000| Untracked 
| 114|0x000000008a800000, 0x000000008a800000, 0x000000008a900000|  0%| F|  |TAMS 0x000000008a800000| PB 0x000000008a800000| Untracked 
| 115|0x000000008a900000, 0x000000008a900000, 0x000000008aa00000|  0%| F|  |TAMS 0x000000008a900000| PB 0x000000008a900000| Untracked 
| 116|0x000000008aa00000, 0x000000008aa00000, 0x000000008ab00000|  0%| F|  |TAMS 0x000000008aa00000| PB 0x000000008aa00000| Untracked 
| 117|0x000000008ab00000, 0x000000008ab00000, 0x000000008ac00000|  0%| F|  |TAMS 0x000000008ab00000| PB 0x000000008ab00000| Untracked 
| 118|0x000000008ac00000, 0x000000008ac00000, 0x000000008ad00000|  0%| F|  |TAMS 0x000000008ac00000| PB 0x000000008ac00000| Untracked 
| 119|0x000000008ad00000, 0x000000008ad00000, 0x000000008ae00000|  0%| F|  |TAMS 0x000000008ad00000| PB 0x000000008ad00000| Untracked 
| 120|0x000000008ae00000, 0x000000008ae00000, 0x000000008af00000|  0%| F|  |TAMS 0x000000008ae00000| PB 0x000000008ae00000| Untracked 
| 121|0x000000008af00000, 0x000000008af00800, 0x000000008b000000|  0%| E|  |TAMS 0x000000008af00000| PB 0x000000008af00000| Complete 
| 122|0x000000008b000000, 0x000000008b100000, 0x000000008b100000|100%| E|CS|TAMS 0x000000008b000000| PB 0x000000008b000000| Complete 
| 123|0x000000008b100000, 0x000000008b200000, 0x000000008b200000|100%| E|CS|TAMS 0x000000008b100000| PB 0x000000008b100000| Complete 
| 124|0x000000008b200000, 0x000000008b300000, 0x000000008b300000|100%| E|CS|TAMS 0x000000008b200000| PB 0x000000008b200000| Complete 
| 125|0x000000008b300000, 0x000000008b400000, 0x000000008b400000|100%| E|CS|TAMS 0x000000008b300000| PB 0x000000008b300000| Complete 

Card table byte_map: [0x000001c2397e0000,0x000001c239bd0000] _byte_map_base: 0x000001c2393c5000

Marking Bits: (CMBitMap*) 0x000001c221cb6f60
 Bits: [0x000001c239bd0000, 0x000001c23baf8000)

Polling page: 0x000001c221430000

Metaspace:

Usage:
  Non-class:    872.41 KB used.
      Class:     95.18 KB used.
       Both:    967.59 KB used.

Virtual space:
  Non-class space:       64.00 MB reserved,     960.00 KB (  1%) committed,  1 nodes.
      Class space:        1.00 GB reserved,     192.00 KB ( <1%) committed,  1 nodes.
             Both:        1.06 GB reserved,       1.12 MB ( <1%) committed. 

Chunk freelists:
   Non-Class:  11.86 MB
       Class:  15.73 MB
        Both:  27.59 MB

MaxMetaspaceSize: unlimited
CompressedClassSpaceSize: 1.00 GB
Initial GC threshold: 21.00 MB
Current GC threshold: 21.00 MB
CDS: on
 - commit_granule_bytes: 65536.
 - commit_granule_words: 8192.
 - virtual_space_node_default_size: 8388608.
 - enlarge_chunks_in_place: 1.
 - use_allocation_guard: 0.


Internal statistics:

num_allocs_failed_limit: 0.
num_arena_births: 20.
num_arena_deaths: 0.
num_vsnodes_births: 2.
num_vsnodes_deaths: 0.
num_space_committed: 18.
num_space_uncommitted: 0.
num_chunks_returned_to_freelist: 0.
num_chunks_taken_from_freelist: 30.
num_chunk_merges: 0.
num_chunk_splits: 22.
num_chunks_enlarged: 15.
num_inconsistent_stats: 0.

CodeHeap 'non-profiled nmethods': size=120000Kb used=95Kb max_used=95Kb free=119904Kb
 bounds [0x000001c231b90000, 0x000001c231e00000, 0x000001c2390c0000]
CodeHeap 'profiled nmethods': size=120000Kb used=369Kb max_used=369Kb free=119631Kb
 bounds [0x000001c22a0c0000, 0x000001c22a330000, 0x000001c2315f0000]
CodeHeap 'non-nmethods': size=5760Kb used=1422Kb max_used=1448Kb free=4337Kb
 bounds [0x000001c2315f0000, 0x000001c231860000, 0x000001c231b90000]
 total_blobs=731 nmethods=313 adapters=323
 compilation: enabled
              stopped_count=0, restarted_count=0
 full_count=0

Compilation events (20 events):
Event: 0.107 Thread 0x000001c23e54e710  308       3       java.lang.Integer::getChars (121 bytes)
Event: 0.108 Thread 0x000001c23e54e710 nmethod 308 0x000001c22a119510 code [0x000001c22a1196e0, 0x000001c22a119b40]
Event: 0.108 Thread 0x000001c23e54e710  299       3       java.util.Locale::getDefault (4 bytes)
Event: 0.108 Thread 0x000001c23e54e710 nmethod 299 0x000001c22a119d90 code [0x000001c22a119f20, 0x000001c22a11a020]
Event: 0.108 Thread 0x000001c23e54e710  305       3       java.lang.String::toLowerCase (29 bytes)
Event: 0.108 Thread 0x000001c23e54e710 nmethod 305 0x000001c22a11a090 code [0x000001c22a11a260, 0x000001c22a11a530]
Event: 0.108 Thread 0x000001c23e54e710  307       3       java.lang.String::toLowerCase (8 bytes)
Event: 0.108 Thread 0x000001c23e54e710 nmethod 307 0x000001c22a11a610 code [0x000001c22a11a800, 0x000001c22a11aba0]
Event: 0.108 Thread 0x000001c23e54e710  300       1       sun.util.locale.BaseLocale::getLanguage (5 bytes)
Event: 0.108 Thread 0x000001c23e54e710 nmethod 300 0x000001c231ba7c90 code [0x000001c231ba7e20, 0x000001c231ba7ee8]
Event: 0.108 Thread 0x000001c23e54e710  309       3       java.lang.AbstractStringBuilder::append (55 bytes)
Event: 0.108 Thread 0x000001c23e54e710 nmethod 309 0x000001c22a11ad10 code [0x000001c22a11af00, 0x000001c22a11b260]
Event: 0.108 Thread 0x000001c23e54e710  310  s    3       java.lang.StringBuffer::append (13 bytes)
Event: 0.108 Thread 0x000001c23e54e710 nmethod 310 0x000001c22a11b390 code [0x000001c22a11b540, 0x000001c22a11b780]
Event: 0.108 Thread 0x000001c23e54e710  311       3       java.lang.StringBuffer::<init> (7 bytes)
Event: 0.108 Thread 0x000001c23e54e710 nmethod 311 0x000001c22a11b810 code [0x000001c22a11b9c0, 0x000001c22a11bb08]
Event: 0.108 Thread 0x000001c23e54e710  312       3       java.lang.String::toUpperCase (29 bytes)
Event: 0.108 Thread 0x000001c23e54e710 nmethod 312 0x000001c22a11bb90 code [0x000001c22a11bd60, 0x000001c22a11c030]
Event: 0.124 Thread 0x000001c23e54e710  313       3       java.lang.ref.Reference::reachabilityFence (1 bytes)
Event: 0.124 Thread 0x000001c23e54e710 nmethod 313 0x000001c22a11c110 code [0x000001c22a11c2a0, 0x000001c22a11c390]

GC Heap History (0 events):
No events

Dll operation events (7 events):
Event: 0.006 Loaded shared library C:\Program Files\Java\jdk-21\bin\java.dll
Event: 0.034 Loaded shared library C:\Program Files\Java\jdk-21\bin\jsvml.dll
Event: 0.050 Loaded shared library C:\Program Files\Java\jdk-21\bin\net.dll
Event: 0.052 Loaded shared library C:\Program Files\Java\jdk-21\bin\nio.dll
Event: 0.070 Loaded shared library C:\Program Files\Java\jdk-21\bin\zip.dll
Event: 0.092 Loaded shared library C:\Program Files\Java\jdk-21\bin\verify.dll
Event: 0.096 Loaded shared library C:\Windows\System32\rxtxSerial.dll

Deoptimization events (4 events):
Event: 0.087 Thread 0x000001c21fb4d8b0 Uncommon trap: trap_request=0xffffff45 fr.pc=0x000001c231b99ce0 relative=0x00000000000000c0
Event: 0.087 Thread 0x000001c21fb4d8b0 Uncommon trap: reason=unstable_if action=reinterpret pc=0x000001c231b99ce0 method=java.lang.String.isLatin1()Z @ 10 c2
Event: 0.087 Thread 0x000001c21fb4d8b0 DEOPT PACKING pc=0x000001c231b99ce0 sp=0x00000045a2bff190
Event: 0.087 Thread 0x000001c21fb4d8b0 DEOPT UNPACKING pc=0x000001c231647da2 sp=0x00000045a2bff0d0 mode 2

Classes loaded (20 events):
Event: 0.091 Loading class java/util/concurrent/locks/ReentrantReadWriteLock$Sync$ThreadLocalHoldCounter
Event: 0.091 Loading class java/util/concurrent/locks/ReentrantReadWriteLock$Sync$ThreadLocalHoldCounter done
Event: 0.091 Loading class java/util/concurrent/locks/ReentrantReadWriteLock$ReadLock
Event: 0.091 Loading class java/util/concurrent/locks/ReentrantReadWriteLock$ReadLock done
Event: 0.091 Loading class java/util/concurrent/locks/ReentrantReadWriteLock$WriteLock
Event: 0.091 Loading class java/util/concurrent/locks/ReentrantReadWriteLock$WriteLock done
Event: 0.098 Loading class java/io/FileNotFoundException
Event: 0.098 Loading class java/io/FileNotFoundException done
Event: 0.109 Loading class java/util/TooManyListenersException
Event: 0.109 Loading class java/util/TooManyListenersException done
Event: 0.109 Loading class java/lang/NumberFormatException
Event: 0.109 Loading class java/lang/NumberFormatException done
Event: 0.110 Loading class java/lang/IndexOutOfBoundsException
Event: 0.110 Loading class java/lang/IndexOutOfBoundsException done
Event: 0.113 Loading class java/lang/Thread$ThreadNumbering
Event: 0.113 Loading class java/lang/Thread$ThreadNumbering done
Event: 0.114 Loading class jdk/internal/event/ThreadSleepEvent
Event: 0.114 Loading class jdk/internal/event/Event
Event: 0.114 Loading class jdk/internal/event/Event done
Event: 0.114 Loading class jdk/internal/event/ThreadSleepEvent done

Classes unloaded (0 events):
No events

Classes redefined (0 events):
No events

Internal exceptions (8 events):
Event: 0.061 Thread 0x000001c21fb4d8b0 Exception <a 'java/lang/NoSuchMethodError'{0x000000008b236a50}: 'void java.lang.invoke.DirectMethodHandle$Holder.invokeVirtual(java.lang.Object, java.lang.Object)'> (0x000000008b236a50) 
thrown [s\open\src\hotspot\share\interpreter\linkResolver.cpp, line 773]
Event: 0.062 Thread 0x000001c21fb4d8b0 Exception <a 'java/lang/NoSuchMethodError'{0x000000008b241b60}: 'java.lang.Object java.lang.invoke.DirectMethodHandle$Holder.invokeInterface(java.lang.Object, java.lang.Object, java.lang.Object)'> (0x000000008b241b60) 
thrown [s\open\src\hotspot\share\interpreter\linkResolver.cpp, line 773]
Event: 0.078 Thread 0x000001c21fb4d8b0 Exception <a 'java/lang/NoSuchMethodError'{0x000000008b120160}: 'void java.lang.invoke.DirectMethodHandle$Holder.invokeSpecial(java.lang.Object, java.lang.Object, java.lang.Object, java.lang.Object, java.lang.Object)'> (0x000000008b120160) 
thrown [s\open\src\hotspot\share\interpreter\linkResolver.cpp, line 773]
Event: 0.080 Thread 0x000001c21fb4d8b0 Exception <a 'java/lang/NoSuchMethodError'{0x000000008b136ea8}: 'java.lang.Object java.lang.invoke.DirectMethodHandle$Holder.invokeInterface(java.lang.Object, java.lang.Object)'> (0x000000008b136ea8) 
thrown [s\open\src\hotspot\share\interpreter\linkResolver.cpp, line 773]
Event: 0.080 Thread 0x000001c21fb4d8b0 Exception <a 'java/lang/IncompatibleClassChangeError'{0x000000008b13a110}: Found class java.lang.Object, but interface was expected> (0x000000008b13a110) 
thrown [s\open\src\hotspot\share\interpreter\linkResolver.cpp, line 840]
Event: 0.081 Thread 0x000001c21fb4d8b0 Exception <a 'java/lang/NoSuchMethodError'{0x000000008b13c9b0}: 'void java.lang.invoke.DirectMethodHandle$Holder.invokeStatic(java.lang.Object, java.lang.Object, java.lang.Object, java.lang.Object)'> (0x000000008b13c9b0) 
thrown [s\open\src\hotspot\share\interpreter\linkResolver.cpp, line 773]
Event: 0.098 Thread 0x000001c21fb4d8b0 Exception <a 'java/io/FileNotFoundException'{0x000000008b00a3a0}> (0x000000008b00a3a0) 
thrown [s\open\src\hotspot\share\prims\jni.cpp, line 520]
Event: 0.107 Thread 0x000001c21fb4d8b0 Exception <a 'java/io/FileNotFoundException'{0x000000008b01f140}> (0x000000008b01f140) 
thrown [s\open\src\hotspot\share\prims\jni.cpp, line 520]

ZGC Phase Switch (0 events):
No events

VM Operations (2 events):
Event: 0.094 Executing VM operation: HandshakeAllThreads (Deoptimize)
Event: 0.094 Executing VM operation: HandshakeAllThreads (Deoptimize) done

Events (15 events):
Event: 0.020 Thread 0x000001c21fb4d8b0 Thread added: 0x000001c21fb4d8b0
Event: 0.031 Thread 0x000001c23e515d40 Thread added: 0x000001c23e515d40
Event: 0.031 Thread 0x000001c23e516d50 Thread added: 0x000001c23e516d50
Event: 0.032 Thread 0x000001c23e519d50 Thread added: 0x000001c23e519d50
Event: 0.032 Thread 0x000001c23e51cc10 Thread added: 0x000001c23e51cc10
Event: 0.032 Thread 0x000001c23e525770 Thread added: 0x000001c23e525770
Event: 0.032 Thread 0x000001c23e52aa30 Thread added: 0x000001c23e52aa30
Event: 0.032 Thread 0x000001c23e54da00 Thread added: 0x000001c23e54da00
Event: 0.032 Thread 0x000001c23e54e710 Thread added: 0x000001c23e54e710
Event: 0.047 Thread 0x000001c23e750080 Thread added: 0x000001c23e750080
Event: 0.086 Thread 0x000001c23e841060 Thread added: 0x000001c23e841060
Event: 0.091 Thread 0x000001c23e550ff0 Thread added: 0x000001c23e550ff0
Event: 0.114 Thread 0x000001c23e8c1490 Thread added: 0x000001c23e8c1490
Event: 0.124 Thread 0x000001c23e9d2d70 Thread added: 0x000001c23e9d2d70
Event: 0.124 Thread 0x000001c21fb4d8b0 Thread exited: 0x000001c21fb4d8b0


Dynamic libraries:
0x00007ff7b9df0000 - 0x00007ff7b9e00000 	C:\Program Files\Java\jdk-21\bin\javaw.exe
0x00007fff18dd0000 - 0x00007fff18fe7000 	C:\WINDOWS\SYSTEM32\ntdll.dll
0x00007fff18370000 - 0x00007fff18434000 	C:\WINDOWS\System32\KERNEL32.DLL
0x00007fff16770000 - 0x00007fff16b16000 	C:\WINDOWS\System32\KERNELBASE.dll
0x00007fff16350000 - 0x00007fff16461000 	C:\WINDOWS\System32\ucrtbase.dll
0x00007fff07410000 - 0x00007fff07429000 	C:\Program Files\Java\jdk-21\bin\jli.dll
0x00007ffefb7b0000 - 0x00007ffefb7cb000 	C:\Program Files\Java\jdk-21\bin\VCRUNTIME140.dll
0x00007fff18cd0000 - 0x00007fff18d81000 	C:\WINDOWS\System32\ADVAPI32.dll
0x00007fff18c20000 - 0x00007fff18cc7000 	C:\WINDOWS\System32\msvcrt.dll
0x00007fff18120000 - 0x00007fff181c5000 	C:\WINDOWS\System32\sechost.dll
0x00007fff18b00000 - 0x00007fff18c17000 	C:\WINDOWS\System32\RPCRT4.dll
0x00007fff18600000 - 0x00007fff187ae000 	C:\WINDOWS\System32\USER32.dll
0x00007fff01c80000 - 0x00007fff01f13000 	C:\WINDOWS\WinSxS\amd64_microsoft.windows.common-controls_6595b64144ccf1df_6.0.22621.2506_none_270c5ae97388e100\COMCTL32.dll
0x00007fff16470000 - 0x00007fff16496000 	C:\WINDOWS\System32\win32u.dll
0x00007fff18230000 - 0x00007fff18259000 	C:\WINDOWS\System32\GDI32.dll
0x00007fff16140000 - 0x00007fff16258000 	C:\WINDOWS\System32\gdi32full.dll
0x00007fff166d0000 - 0x00007fff1676a000 	C:\WINDOWS\System32\msvcp_win.dll
0x00007fff0ac80000 - 0x00007fff0ac8a000 	C:\WINDOWS\SYSTEM32\VERSION.dll
0x00007fff18470000 - 0x00007fff184a1000 	C:\WINDOWS\System32\IMM32.DLL
0x00007fff0bf20000 - 0x00007fff0bf2c000 	C:\Program Files\Java\jdk-21\bin\vcruntime140_1.dll
0x00007ffedcf50000 - 0x00007ffedcfde000 	C:\Program Files\Java\jdk-21\bin\msvcp140.dll
0x00007ffe60240000 - 0x00007ffe60f55000 	C:\Program Files\Java\jdk-21\bin\server\jvm.dll
0x00007fff18580000 - 0x00007fff185f1000 	C:\WINDOWS\System32\WS2_32.dll
0x00007fff159f0000 - 0x00007fff15a3d000 	C:\WINDOWS\SYSTEM32\POWRPROF.dll
0x00007fff0c3d0000 - 0x00007fff0c404000 	C:\WINDOWS\SYSTEM32\WINMM.dll
0x00007fff15980000 - 0x00007fff15993000 	C:\WINDOWS\SYSTEM32\UMPDC.dll
0x00007fff15100000 - 0x00007fff15118000 	C:\WINDOWS\SYSTEM32\kernel.appcore.dll
0x00007fff0ac50000 - 0x00007fff0ac5a000 	C:\Program Files\Java\jdk-21\bin\jimage.dll
0x00007fff13810000 - 0x00007fff13a43000 	C:\WINDOWS\SYSTEM32\DBGHELP.DLL
0x00007fff172f0000 - 0x00007fff17679000 	C:\WINDOWS\System32\combase.dll
0x00007fff187b0000 - 0x00007fff18887000 	C:\WINDOWS\System32\OLEAUT32.dll
0x00007fff0b9d0000 - 0x00007fff0ba02000 	C:\WINDOWS\SYSTEM32\dbgcore.DLL
0x00007fff16260000 - 0x00007fff162da000 	C:\WINDOWS\System32\bcryptPrimitives.dll
0x00007ffedcf30000 - 0x00007ffedcf4f000 	C:\Program Files\Java\jdk-21\bin\java.dll
0x00007fff178c0000 - 0x00007fff1811a000 	C:\WINDOWS\System32\SHELL32.dll
0x00007fff14010000 - 0x00007fff14906000 	C:\WINDOWS\SYSTEM32\windows.storage.dll
0x00007fff13ed0000 - 0x00007fff1400e000 	C:\WINDOWS\SYSTEM32\wintypes.dll
0x00007fff16fa0000 - 0x00007fff17093000 	C:\WINDOWS\System32\SHCORE.dll
0x00007fff181d0000 - 0x00007fff1822e000 	C:\WINDOWS\System32\shlwapi.dll
0x00007fff16070000 - 0x00007fff16096000 	C:\WINDOWS\SYSTEM32\profapi.dll
0x00007ffe99390000 - 0x00007ffe99467000 	C:\Program Files\Java\jdk-21\bin\jsvml.dll
0x00007ffefb760000 - 0x00007ffefb770000 	C:\Program Files\Java\jdk-21\bin\net.dll
0x00007fff11090000 - 0x00007fff111c7000 	C:\WINDOWS\SYSTEM32\WINHTTP.dll
0x00007fff15570000 - 0x00007fff155d9000 	C:\WINDOWS\system32\mswsock.dll
0x00007ffedc720000 - 0x00007ffedc736000 	C:\Program Files\Java\jdk-21\bin\nio.dll
0x00007ffedc520000 - 0x00007ffedc538000 	C:\Program Files\Java\jdk-21\bin\zip.dll
0x00007ffedc9f0000 - 0x00007ffedca00000 	C:\Program Files\Java\jdk-21\bin\verify.dll
0x0000000180000000 - 0x0000000180025000 	C:\Windows\System32\rxtxSerial.dll

dbghelp: loaded successfully - version: 4.0.5 - missing functions: none
symbol engine: initialized successfully - sym options: 0x614 - pdb path: .;C:\Program Files\Java\jdk-21\bin;C:\WINDOWS\SYSTEM32;C:\WINDOWS\WinSxS\amd64_microsoft.windows.common-controls_6595b64144ccf1df_6.0.22621.2506_none_270c5ae97388e100;C:\Program Files\Java\jdk-21\bin\server

VM Arguments:
jvm_args: -Dfile.encoding=UTF-8 -Dstdout.encoding=UTF-8 -Dstderr.encoding=UTF-8 --module-path=C:\Users\LENOVO\eclipse-workspace-nuevo\BALANZA\bin;C:\Users\LENOVO\eclipse-workspace-nuevo\BALANZA\LIB\jssc-2.9.4.jar;C:\Users\LENOVO\eclipse-workspace-nuevo\BALANZA\LIB\RXTXcomm.jar -XX:+ShowCodeDetailsInExceptionMessages -Djdk.module.main=BALANZA 
java_command: BALANZA/com.principal.MainRX
java_class_path (initial): <not set>
Launcher Type: SUN_STANDARD

[Global flags]
     intx CICompilerCount                          = 4                                         {product} {ergonomic}
     uint ConcGCThreads                            = 2                                         {product} {ergonomic}
     uint G1ConcRefinementThreads                  = 8                                         {product} {ergonomic}
   size_t G1HeapRegionSize                         = 1048576                                   {product} {ergonomic}
    uintx GCDrainStackTargetSize                   = 64                                        {product} {ergonomic}
   size_t InitialHeapSize                          = 132120576                                 {product} {ergonomic}
   size_t MarkStackSize                            = 4194304                                   {product} {ergonomic}
   size_t MaxHeapSize                              = 2090860544                                {product} {ergonomic}
   size_t MaxNewSize                               = 1254096896                                {product} {ergonomic}
   size_t MinHeapDeltaBytes                        = 1048576                                   {product} {ergonomic}
   size_t MinHeapSize                              = 8388608                                   {product} {ergonomic}
    uintx NonNMethodCodeHeapSize                   = 5839372                                {pd product} {ergonomic}
    uintx NonProfiledCodeHeapSize                  = 122909434                              {pd product} {ergonomic}
    uintx ProfiledCodeHeapSize                     = 122909434                              {pd product} {ergonomic}
    uintx ReservedCodeCacheSize                    = 251658240                              {pd product} {ergonomic}
     bool SegmentedCodeCache                       = true                                      {product} {ergonomic}
     bool ShowCodeDetailsInExceptionMessages       = true                                   {manageable} {command line}
   size_t SoftMaxHeapSize                          = 2090860544                             {manageable} {ergonomic}
     bool UseCompressedOops                        = true                           {product lp64_product} {ergonomic}
     bool UseG1GC                                  = true                                      {product} {ergonomic}
     bool UseLargePagesIndividualAllocation        = false                                  {pd product} {ergonomic}

Logging:
Log output configuration:
 #0: stdout all=warning uptime,level,tags foldmultilines=false
 #1: stderr all=off uptime,level,tags foldmultilines=false

Environment Variables:
JAVA_HOME=C:\Program Files\Amazon Corretto\jdk21.0.1_12
PATH=C:/Program Files/Amazon Corretto/jdk21.0.1_12/bin/server;C:/Program Files/Amazon Corretto/jdk21.0.1_12/bin;C:\Program Files\Amazon Corretto\jdk21.0.1_12\bin;C:\Program Files\ImageMagick-7.1.1-Q16-HDRI;C:\Program Files\Common Files\Oracle\Java\javapath;C:\Program Files (x86)\Common Files\Intel\Shared Libraries\redist\intel64\compiler;C:\Program Files\Java\jdk-18.0.1.1\bin;C:\WINDOWS\system32;C:\WINDOWS;C:\WINDOWS\System32\Wbem;C:\WINDOWS\System32\WindowsPowerShell\v1.0\;C:\WINDOWS\System32\OpenSSH\;C:\Program Files\MySQL\MySQL Utilities 1.6\;C:\Program Files\Git\cmd;C:\Program Files\Youtube Dl;C:\src\flutter\bin;C:\Program Files\nodejs\;C:\wamp64\bin\mysql\mysql8.0.27\bin;C:\Gradle\gradle-8.1.1\bin;C:\wamp64\bin\php\php5.6.40;C:\composer;C:\Program Files\Tesseract-OCR;C:\Users\LENOVO\AppData\Local\Microsoft\WindowsApps;C:\Program Files\JetBrains\IntelliJ IDEA Community Edition 2023.2.2\bin;C:\Users\LENOVO\AppData\Local\Programs\Microsoft VS Code\bin;C:\Users\LENOVO\AppData\Roaming\npm;C:\Program Files (x86)\MongoDB Atlas CLI\;C:\Users\LENOVO\AppData\Roaming\Composer\vendor\bin;C:\Users\LENOVO\Desktop;
USERNAME=LENOVO
OS=Windows_NT
PROCESSOR_IDENTIFIER=Intel64 Family 6 Model 140 Stepping 1, GenuineIntel
TMP=C:\Users\LENOVO\AppData\Local\Temp
TEMP=C:\Users\LENOVO\AppData\Local\Temp




Periodic native trim disabled

---------------  S Y S T E M  ---------------

OS:
 Windows 11 , 64 bit Build 22621 (10.0.22621.2506)
OS uptime: 1 days 19:23 hours
Hyper-V role detected

CPU: total 8 (initial active 8) (4 cores per cpu, 2 threads per core) family 6 model 140 stepping 1 microcode 0xaa, cx8, cmov, fxsr, ht, mmx, 3dnowpref, sse, sse2, sse3, ssse3, sse4.1, sse4.2, popcnt, lzcnt, tsc, tscinvbit, avx, avx2, aes, erms, clmul, bmi1, bmi2, adx, avx512f, avx512dq, avx512cd, avx512bw, avx512vl, sha, fma, vzeroupper, avx512_vpopcntdq, avx512_vpclmulqdq, avx512_vaes, avx512_vnni, clflush, clflushopt, clwb, avx512_vbmi2, avx512_vbmi, hv, rdtscp, rdpid, fsrm, gfni, avx512_bitalg, f16c, cet_ibt, cet_ss, avx512_ifma
Processor Information for all 8 processors :
  Max Mhz: 2803, Current Mhz: 2803, Mhz Limit: 2803

Memory: 4k page, system-wide physical 7975M (983M free)
TotalPageFile size 22657M (AvailPageFile size 7250M)
current process WorkingSet (physical memory assigned to process): 41M, peak: 41M
current process commit charge ("private bytes"): 209M, peak: 209M

vm_info: Java HotSpot(TM) 64-Bit Server VM (21.0.1+12-LTS-29) for windows-amd64 JRE (21.0.1+12-LTS-29), built on 2023-10-05T13:27:09Z by "mach5one" with MS VC++ 17.1 (VS2022)

END.
